2020-10-13 22:05:48.881  INFO 8764 --- [main] c.s.r.product.RocketProductApplication   : Starting RocketProductApplication on LAPTOP-D3NF4CSD with PID 8764 (D:\codedir\studyway\rocket\rocket_product\target\classes started by dingpf in D:\codedir\studyway\rocket\rocket_product)
2020-10-13 22:05:48.886  INFO 8764 --- [main] c.s.r.product.RocketProductApplication   : No active profile set, falling back to default profiles: default
2020-10-13 22:05:49.660  INFO 8764 --- [main] o.s.b.w.embedded.tomcat.TomcatWebServer  : Tomcat initialized with port(s): 8080 (http)
2020-10-13 22:05:49.678  INFO 8764 --- [main] o.apache.catalina.core.StandardService   : Starting service [Tomcat]
2020-10-13 22:05:49.678  INFO 8764 --- [main] org.apache.catalina.core.StandardEngine  : Starting Servlet engine: [Apache Tomcat/9.0.21]
2020-10-13 22:05:49.769  INFO 8764 --- [main] o.a.c.c.C.[Tomcat].[localhost].[/]       : Initializing Spring embedded WebApplicationContext
2020-10-13 22:05:49.769  INFO 8764 --- [main] o.s.web.context.ContextLoader            : Root WebApplicationContext: initialization completed in 844 ms
2020-10-13 22:05:51.314  INFO 8764 --- [main] o.s.s.concurrent.ThreadPoolTaskExecutor  : Initializing ExecutorService 'applicationTaskExecutor'
2020-10-13 22:05:51.578  INFO 8764 --- [main] o.s.b.w.embedded.tomcat.TomcatWebServer  : Tomcat started on port(s): 8080 (http) with context path ''
2020-10-13 22:05:51.581  INFO 8764 --- [main] c.s.r.product.RocketProductApplication   : Started RocketProductApplication in 3.116 seconds (JVM running for 3.975)
2020-10-13 22:05:53.378  INFO 8764 --- [NettyClientSelector_1] RocketmqRemoting                         : closeChannel: close the connection to remote address[] result: true
2020-10-13 22:05:53.378  INFO 8764 --- [NettyClientSelector_1] RocketmqRemoting                         : closeChannel: close the connection to remote address[] result: true
2020-10-13 22:06:22.780  INFO 8764 --- [NettyClientSelector_1] RocketmqRemoting                         : closeChannel: close the connection to remote address[] result: true
2020-10-13 22:06:23.161  INFO 8764 --- [NettyClientSelector_1] RocketmqRemoting                         : closeChannel: close the connection to remote address[] result: true
2020-10-13 22:06:52.786  INFO 8764 --- [NettyClientSelector_1] RocketmqRemoting                         : closeChannel: close the connection to remote address[] result: true
2020-10-13 22:06:53.148  INFO 8764 --- [NettyClientSelector_1] RocketmqRemoting                         : closeChannel: close the connection to remote address[] result: true
2020-10-13 22:07:24.446  INFO 7496 --- [main] c.s.r.product.RocketProductApplication   : Starting RocketProductApplication on LAPTOP-D3NF4CSD with PID 7496 (D:\codedir\studyway\rocket\rocket_product\target\classes started by dingpf in D:\codedir\studyway\rocket\rocket_product)
2020-10-13 22:07:24.450  INFO 7496 --- [main] c.s.r.product.RocketProductApplication   : No active profile set, falling back to default profiles: default
2020-10-13 22:07:25.215  INFO 7496 --- [main] o.s.b.w.embedded.tomcat.TomcatWebServer  : Tomcat initialized with port(s): 8099 (http)
2020-10-13 22:07:25.231  INFO 7496 --- [main] o.apache.catalina.core.StandardService   : Starting service [Tomcat]
2020-10-13 22:07:25.231  INFO 7496 --- [main] org.apache.catalina.core.StandardEngine  : Starting Servlet engine: [Apache Tomcat/9.0.21]
2020-10-13 22:07:25.317  INFO 7496 --- [main] o.a.c.c.C.[Tomcat].[localhost].[/]       : Initializing Spring embedded WebApplicationContext
2020-10-13 22:07:25.317  INFO 7496 --- [main] o.s.web.context.ContextLoader            : Root WebApplicationContext: initialization completed in 826 ms
2020-10-13 22:07:26.761  INFO 7496 --- [main] o.s.s.concurrent.ThreadPoolTaskExecutor  : Initializing ExecutorService 'applicationTaskExecutor'
2020-10-13 22:07:26.942  INFO 7496 --- [main] o.s.b.w.embedded.tomcat.TomcatWebServer  : Tomcat started on port(s): 8099 (http) with context path ''
2020-10-13 22:07:26.945  INFO 7496 --- [main] c.s.r.product.RocketProductApplication   : Started RocketProductApplication in 2.836 seconds (JVM running for 3.511)
2020-10-13 22:07:28.846  INFO 7496 --- [NettyClientSelector_1] RocketmqRemoting                         : closeChannel: close the connection to remote address[] result: true
2020-10-13 22:07:28.846  INFO 7496 --- [NettyClientSelector_1] RocketmqRemoting                         : closeChannel: close the connection to remote address[] result: true
2020-10-13 22:07:58.565  INFO 7496 --- [NettyClientSelector_1] RocketmqRemoting                         : closeChannel: close the connection to remote address[] result: true
2020-10-13 22:07:58.807  INFO 7496 --- [NettyClientSelector_1] RocketmqRemoting                         : closeChannel: close the connection to remote address[] result: true
2020-10-13 22:08:28.793  INFO 7496 --- [NettyClientSelector_1] RocketmqRemoting                         : closeChannel: close the connection to remote address[] result: true
2020-10-13 22:08:29.199  INFO 7496 --- [NettyClientSelector_1] RocketmqRemoting                         : closeChannel: close the connection to remote address[] result: true
2020-10-13 22:08:58.652  INFO 7496 --- [NettyClientSelector_1] RocketmqRemoting                         : closeChannel: close the connection to remote address[] result: true
2020-10-13 22:08:58.850  INFO 7496 --- [NettyClientSelector_1] RocketmqRemoting                         : closeChannel: close the connection to remote address[] result: true
2020-10-13 22:09:28.501  INFO 7496 --- [NettyClientSelector_1] RocketmqRemoting                         : closeChannel: close the connection to remote address[] result: true
2020-10-13 22:09:28.921  INFO 7496 --- [NettyClientSelector_1] RocketmqRemoting                         : closeChannel: close the connection to remote address[] result: true
2020-10-13 22:09:58.700  INFO 7496 --- [NettyClientSelector_1] RocketmqRemoting                         : closeChannel: close the connection to remote address[] result: true
2020-10-13 22:09:58.989  INFO 7496 --- [NettyClientSelector_1] RocketmqRemoting                         : closeChannel: close the connection to remote address[] result: true
2020-10-13 22:10:01.672  INFO 23468 --- [main] c.s.r.product.RocketProductApplication   : Starting RocketProductApplication on LAPTOP-D3NF4CSD with PID 23468 (D:\codedir\studyway\rocket\rocket_product\target\classes started by dingpf in D:\codedir\studyway\rocket\rocket_product)
2020-10-13 22:10:01.675  INFO 23468 --- [main] c.s.r.product.RocketProductApplication   : No active profile set, falling back to default profiles: default
2020-10-13 22:10:02.387  INFO 23468 --- [main] o.s.b.w.embedded.tomcat.TomcatWebServer  : Tomcat initialized with port(s): 8099 (http)
2020-10-13 22:10:02.405  INFO 23468 --- [main] o.apache.catalina.core.StandardService   : Starting service [Tomcat]
2020-10-13 22:10:02.405  INFO 23468 --- [main] org.apache.catalina.core.StandardEngine  : Starting Servlet engine: [Apache Tomcat/9.0.21]
2020-10-13 22:10:02.486  INFO 23468 --- [main] o.a.c.c.C.[Tomcat].[localhost].[/]       : Initializing Spring embedded WebApplicationContext
2020-10-13 22:10:02.486  INFO 23468 --- [main] o.s.web.context.ContextLoader            : Root WebApplicationContext: initialization completed in 771 ms
2020-10-13 22:10:03.832  INFO 23468 --- [main] o.s.s.concurrent.ThreadPoolTaskExecutor  : Initializing ExecutorService 'applicationTaskExecutor'
2020-10-13 22:10:03.951  INFO 23468 --- [main] o.s.b.w.embedded.tomcat.TomcatWebServer  : Tomcat started on port(s): 8099 (http) with context path ''
2020-10-13 22:10:03.953  INFO 23468 --- [main] c.s.r.product.RocketProductApplication   : Started RocketProductApplication in 2.565 seconds (JVM running for 3.198)
2020-10-13 22:10:05.944  INFO 23468 --- [NettyClientSelector_1] RocketmqRemoting                         : closeChannel: close the connection to remote address[] result: true
2020-10-13 22:10:05.944  INFO 23468 --- [NettyClientSelector_1] RocketmqRemoting                         : closeChannel: close the connection to remote address[] result: true
2020-10-13 22:10:35.565  INFO 23468 --- [NettyClientSelector_1] RocketmqRemoting                         : closeChannel: close the connection to remote address[] result: true
2020-10-13 22:10:35.853  INFO 23468 --- [NettyClientSelector_1] RocketmqRemoting                         : closeChannel: close the connection to remote address[] result: true
2020-10-13 22:11:05.665  INFO 23468 --- [NettyClientSelector_1] RocketmqRemoting                         : closeChannel: close the connection to remote address[] result: true
2020-10-13 22:11:06.089  INFO 23468 --- [NettyClientSelector_1] RocketmqRemoting                         : closeChannel: close the connection to remote address[] result: true
2020-10-13 22:11:35.505  INFO 23468 --- [NettyClientSelector_1] RocketmqRemoting                         : closeChannel: close the connection to remote address[] result: true
2020-10-13 22:11:35.952  INFO 23468 --- [NettyClientSelector_1] RocketmqRemoting                         : closeChannel: close the connection to remote address[] result: true
2020-10-13 22:12:05.567  INFO 23468 --- [NettyClientSelector_1] RocketmqRemoting                         : closeChannel: close the connection to remote address[] result: true
2020-10-13 22:12:05.840  INFO 23468 --- [NettyClientSelector_1] RocketmqRemoting                         : closeChannel: close the connection to remote address[] result: true
2020-10-13 22:12:35.660  INFO 23468 --- [NettyClientSelector_1] RocketmqRemoting                         : closeChannel: close the connection to remote address[] result: true
2020-10-13 22:12:36.128  INFO 23468 --- [NettyClientSelector_1] RocketmqRemoting                         : closeChannel: close the connection to remote address[] result: true
2020-10-13 22:13:05.510  INFO 23468 --- [NettyClientSelector_1] RocketmqRemoting                         : closeChannel: close the connection to remote address[] result: true
2020-10-13 22:13:05.807  INFO 23468 --- [NettyClientSelector_1] RocketmqRemoting                         : closeChannel: close the connection to remote address[] result: true
2020-10-13 22:13:35.593  INFO 23468 --- [NettyClientSelector_1] RocketmqRemoting                         : closeChannel: close the connection to remote address[] result: true
2020-10-13 22:13:35.807  INFO 23468 --- [NettyClientSelector_1] RocketmqRemoting                         : closeChannel: close the connection to remote address[] result: true
2020-10-13 22:14:05.529  INFO 23468 --- [NettyClientSelector_1] RocketmqRemoting                         : closeChannel: close the connection to remote address[] result: true
2020-10-13 22:14:05.869  INFO 23468 --- [NettyClientSelector_1] RocketmqRemoting                         : closeChannel: close the connection to remote address[] result: true
2020-10-13 22:14:35.495  INFO 23468 --- [NettyClientSelector_1] RocketmqRemoting                         : closeChannel: close the connection to remote address[] result: true
2020-10-13 22:14:35.797  INFO 23468 --- [NettyClientSelector_1] RocketmqRemoting                         : closeChannel: close the connection to remote address[] result: true
2020-10-13 22:15:05.611  INFO 23468 --- [NettyClientSelector_1] RocketmqRemoting                         : closeChannel: close the connection to remote address[] result: true
2020-10-13 22:15:05.823  INFO 23468 --- [NettyClientSelector_1] RocketmqRemoting                         : closeChannel: close the connection to remote address[] result: true
2020-10-13 22:15:35.666  INFO 23468 --- [NettyClientSelector_1] RocketmqRemoting                         : closeChannel: close the connection to remote address[] result: true
2020-10-13 22:15:35.903  INFO 23468 --- [NettyClientSelector_1] RocketmqRemoting                         : closeChannel: close the connection to remote address[] result: true
2020-10-13 22:16:05.458  INFO 23468 --- [NettyClientSelector_1] RocketmqRemoting                         : closeChannel: close the connection to remote address[] result: true
2020-10-13 22:16:05.788  INFO 23468 --- [NettyClientSelector_1] RocketmqRemoting                         : closeChannel: close the connection to remote address[] result: true
2020-10-13 22:16:35.514  INFO 23468 --- [NettyClientSelector_1] RocketmqRemoting                         : closeChannel: close the connection to remote address[] result: true
2020-10-13 22:16:35.803  INFO 23468 --- [NettyClientSelector_1] RocketmqRemoting                         : closeChannel: close the connection to remote address[] result: true
2020-10-13 22:17:05.667  INFO 23468 --- [NettyClientSelector_1] RocketmqRemoting                         : closeChannel: close the connection to remote address[] result: true
2020-10-13 22:17:06.076  INFO 23468 --- [NettyClientSelector_1] RocketmqRemoting                         : closeChannel: close the connection to remote address[] result: true
2020-10-13 22:17:35.540  INFO 23468 --- [NettyClientSelector_1] RocketmqRemoting                         : closeChannel: close the connection to remote address[] result: true
2020-10-13 22:17:35.942  INFO 23468 --- [NettyClientSelector_1] RocketmqRemoting                         : closeChannel: close the connection to remote address[] result: true
2020-10-13 22:18:05.534  INFO 23468 --- [NettyClientSelector_1] RocketmqRemoting                         : closeChannel: close the connection to remote address[] result: true
2020-10-13 22:18:05.872  INFO 23468 --- [NettyClientSelector_1] RocketmqRemoting                         : closeChannel: close the connection to remote address[] result: true
2020-10-13 22:18:35.672  INFO 23468 --- [NettyClientSelector_1] RocketmqRemoting                         : closeChannel: close the connection to remote address[] result: true
2020-10-13 22:18:35.894  INFO 23468 --- [NettyClientSelector_1] RocketmqRemoting                         : closeChannel: close the connection to remote address[] result: true
2020-10-13 22:19:05.463  INFO 23468 --- [NettyClientSelector_1] RocketmqRemoting                         : closeChannel: close the connection to remote address[] result: true
2020-10-13 22:19:05.796  INFO 23468 --- [NettyClientSelector_1] RocketmqRemoting                         : closeChannel: close the connection to remote address[] result: true
2020-10-13 22:19:35.520  INFO 23468 --- [NettyClientSelector_1] RocketmqRemoting                         : closeChannel: close the connection to remote address[] result: true
2020-10-13 22:19:35.844  INFO 23468 --- [NettyClientSelector_1] RocketmqRemoting                         : closeChannel: close the connection to remote address[] result: true
2020-10-13 22:20:05.688  INFO 23468 --- [NettyClientSelector_1] RocketmqRemoting                         : closeChannel: close the connection to remote address[] result: true
2020-10-13 22:20:05.893  INFO 23468 --- [NettyClientSelector_1] RocketmqRemoting                         : closeChannel: close the connection to remote address[] result: true
2020-10-13 22:20:35.451  INFO 23468 --- [NettyClientSelector_1] RocketmqRemoting                         : closeChannel: close the connection to remote address[] result: true
2020-10-13 22:20:35.795  INFO 23468 --- [NettyClientSelector_1] RocketmqRemoting                         : closeChannel: close the connection to remote address[] result: true
2020-10-13 22:21:05.531  INFO 23468 --- [NettyClientSelector_1] RocketmqRemoting                         : closeChannel: close the connection to remote address[] result: true
2020-10-13 22:21:05.857  INFO 23468 --- [NettyClientSelector_1] RocketmqRemoting                         : closeChannel: close the connection to remote address[] result: true
2020-10-13 22:21:35.672  INFO 23468 --- [NettyClientSelector_1] RocketmqRemoting                         : closeChannel: close the connection to remote address[] result: true
2020-10-13 22:21:35.914  INFO 23468 --- [NettyClientSelector_1] RocketmqRemoting                         : closeChannel: close the connection to remote address[] result: true
2020-10-13 22:22:05.748  INFO 23468 --- [NettyClientSelector_1] RocketmqRemoting                         : closeChannel: close the connection to remote address[] result: true
2020-10-13 22:22:05.794  INFO 23468 --- [NettyClientSelector_1] RocketmqRemoting                         : closeChannel: close the connection to remote address[] result: true
2020-10-13 22:22:35.633  INFO 23468 --- [NettyClientSelector_1] RocketmqRemoting                         : closeChannel: close the connection to remote address[] result: true
2020-10-13 22:22:35.814  INFO 23468 --- [NettyClientSelector_1] RocketmqRemoting                         : closeChannel: close the connection to remote address[] result: true
2020-10-13 22:23:05.687  INFO 23468 --- [NettyClientSelector_1] RocketmqRemoting                         : closeChannel: close the connection to remote address[] result: true
2020-10-13 22:23:05.898  INFO 23468 --- [NettyClientSelector_1] RocketmqRemoting                         : closeChannel: close the connection to remote address[] result: true
2020-10-13 22:23:35.544  INFO 23468 --- [NettyClientSelector_1] RocketmqRemoting                         : closeChannel: close the connection to remote address[] result: true
2020-10-13 22:23:35.819  INFO 23468 --- [NettyClientSelector_1] RocketmqRemoting                         : closeChannel: close the connection to remote address[] result: true
2020-10-13 22:24:05.821  INFO 23468 --- [NettyClientSelector_1] RocketmqRemoting                         : closeChannel: close the connection to remote address[] result: true
2020-10-13 22:24:05.878  INFO 23468 --- [NettyClientSelector_1] RocketmqRemoting                         : closeChannel: close the connection to remote address[] result: true
2020-10-13 22:24:35.679  INFO 23468 --- [NettyClientSelector_1] RocketmqRemoting                         : closeChannel: close the connection to remote address[] result: true
2020-10-13 22:24:35.899  INFO 23468 --- [NettyClientSelector_1] RocketmqRemoting                         : closeChannel: close the connection to remote address[] result: true
2020-10-13 22:25:05.540  INFO 23468 --- [NettyClientSelector_1] RocketmqRemoting                         : closeChannel: close the connection to remote address[] result: true
2020-10-13 22:25:05.948  INFO 23468 --- [NettyClientSelector_1] RocketmqRemoting                         : closeChannel: close the connection to remote address[] result: true
2020-10-13 22:25:35.609  INFO 23468 --- [NettyClientSelector_1] RocketmqRemoting                         : closeChannel: close the connection to remote address[] result: true
2020-10-13 22:25:35.815  INFO 23468 --- [NettyClientSelector_1] RocketmqRemoting                         : closeChannel: close the connection to remote address[] result: true
2020-10-13 22:26:05.711  INFO 23468 --- [NettyClientSelector_1] RocketmqRemoting                         : closeChannel: close the connection to remote address[] result: true
2020-10-13 22:26:06.089  INFO 23468 --- [NettyClientSelector_1] RocketmqRemoting                         : closeChannel: close the connection to remote address[] result: true
2020-10-13 22:26:35.464  INFO 23468 --- [NettyClientSelector_1] RocketmqRemoting                         : closeChannel: close the connection to remote address[] result: true
2020-10-13 22:26:35.975  INFO 23468 --- [NettyClientSelector_1] RocketmqRemoting                         : closeChannel: close the connection to remote address[] result: true
2020-10-13 22:27:05.616  INFO 23468 --- [NettyClientSelector_1] RocketmqRemoting                         : closeChannel: close the connection to remote address[] result: true
2020-10-13 22:27:05.830  INFO 23468 --- [NettyClientSelector_1] RocketmqRemoting                         : closeChannel: close the connection to remote address[] result: true
2020-10-13 22:27:35.537  INFO 23468 --- [NettyClientSelector_1] RocketmqRemoting                         : closeChannel: close the connection to remote address[] result: true
2020-10-13 22:27:35.884  INFO 23468 --- [NettyClientSelector_1] RocketmqRemoting                         : closeChannel: close the connection to remote address[] result: true
2020-10-13 22:28:05.472  INFO 23468 --- [NettyClientSelector_1] RocketmqRemoting                         : closeChannel: close the connection to remote address[] result: true
2020-10-13 22:28:05.800  INFO 23468 --- [NettyClientSelector_1] RocketmqRemoting                         : closeChannel: close the connection to remote address[] result: true
2020-10-13 22:28:35.629  INFO 23468 --- [NettyClientSelector_1] RocketmqRemoting                         : closeChannel: close the connection to remote address[] result: true
2020-10-13 22:28:35.827  INFO 23468 --- [NettyClientSelector_1] RocketmqRemoting                         : closeChannel: close the connection to remote address[] result: true
2020-10-13 22:29:05.684  INFO 23468 --- [NettyClientSelector_1] RocketmqRemoting                         : closeChannel: close the connection to remote address[] result: true
2020-10-13 22:29:06.092  INFO 23468 --- [NettyClientSelector_1] RocketmqRemoting                         : closeChannel: close the connection to remote address[] result: true
2020-10-13 22:29:35.762  INFO 23468 --- [NettyClientSelector_1] RocketmqRemoting                         : closeChannel: close the connection to remote address[] result: true
2020-10-13 22:29:35.963  INFO 23468 --- [NettyClientSelector_1] RocketmqRemoting                         : closeChannel: close the connection to remote address[] result: true
2020-10-13 22:30:05.618  INFO 23468 --- [NettyClientSelector_1] RocketmqRemoting                         : closeChannel: close the connection to remote address[] result: true
2020-10-13 22:30:06.024  INFO 23468 --- [NettyClientSelector_1] RocketmqRemoting                         : closeChannel: close the connection to remote address[] result: true
2020-10-13 22:30:35.487  INFO 23468 --- [NettyClientSelector_1] RocketmqRemoting                         : closeChannel: close the connection to remote address[] result: true
2020-10-13 22:30:36.096  INFO 23468 --- [NettyClientSelector_1] RocketmqRemoting                         : closeChannel: close the connection to remote address[] result: true
2020-10-13 22:31:05.535  INFO 23468 --- [NettyClientSelector_1] RocketmqRemoting                         : closeChannel: close the connection to remote address[] result: true
2020-10-13 22:31:05.971  INFO 23468 --- [NettyClientSelector_1] RocketmqRemoting                         : closeChannel: close the connection to remote address[] result: true
2020-10-13 22:31:35.622  INFO 23468 --- [NettyClientSelector_1] RocketmqRemoting                         : closeChannel: close the connection to remote address[] result: true
2020-10-13 22:31:36.040  INFO 23468 --- [NettyClientSelector_1] RocketmqRemoting                         : closeChannel: close the connection to remote address[] result: true
2020-10-13 22:32:05.467  INFO 23468 --- [NettyClientSelector_1] RocketmqRemoting                         : closeChannel: close the connection to remote address[] result: true
2020-10-13 22:32:05.894  INFO 23468 --- [NettyClientSelector_1] RocketmqRemoting                         : closeChannel: close the connection to remote address[] result: true
2020-10-13 22:32:35.564  INFO 23468 --- [NettyClientSelector_1] RocketmqRemoting                         : closeChannel: close the connection to remote address[] result: true
2020-10-13 22:32:35.970  INFO 23468 --- [NettyClientSelector_1] RocketmqRemoting                         : closeChannel: close the connection to remote address[] result: true
2020-10-13 22:33:05.620  INFO 23468 --- [NettyClientSelector_1] RocketmqRemoting                         : closeChannel: close the connection to remote address[] result: true
2020-10-13 22:33:05.834  INFO 23468 --- [NettyClientSelector_1] RocketmqRemoting                         : closeChannel: close the connection to remote address[] result: true
2020-10-13 22:33:35.487  INFO 23468 --- [NettyClientSelector_1] RocketmqRemoting                         : closeChannel: close the connection to remote address[] result: true
2020-10-13 22:33:35.897  INFO 23468 --- [NettyClientSelector_1] RocketmqRemoting                         : closeChannel: close the connection to remote address[] result: true
2020-10-13 22:34:05.498  INFO 23468 --- [NettyClientSelector_1] RocketmqRemoting                         : closeChannel: close the connection to remote address[] result: true
2020-10-13 22:34:05.830  INFO 23468 --- [NettyClientSelector_1] RocketmqRemoting                         : closeChannel: close the connection to remote address[] result: true
2020-10-13 22:34:35.687  INFO 23468 --- [NettyClientSelector_1] RocketmqRemoting                         : closeChannel: close the connection to remote address[] result: true
2020-10-13 22:34:35.845  INFO 23468 --- [NettyClientSelector_1] RocketmqRemoting                         : closeChannel: close the connection to remote address[] result: true
2020-10-13 22:35:05.499  INFO 23468 --- [NettyClientSelector_1] RocketmqRemoting                         : closeChannel: close the connection to remote address[] result: true
2020-10-13 22:35:05.907  INFO 23468 --- [NettyClientSelector_1] RocketmqRemoting                         : closeChannel: close the connection to remote address[] result: true
2020-10-13 22:35:35.519  INFO 23468 --- [NettyClientSelector_1] RocketmqRemoting                         : closeChannel: close the connection to remote address[] result: true
2020-10-13 22:35:35.978  INFO 23468 --- [NettyClientSelector_1] RocketmqRemoting                         : closeChannel: close the connection to remote address[] result: true
2020-10-13 22:36:05.635  INFO 23468 --- [NettyClientSelector_1] RocketmqRemoting                         : closeChannel: close the connection to remote address[] result: true
2020-10-13 22:36:05.840  INFO 23468 --- [NettyClientSelector_1] RocketmqRemoting                         : closeChannel: close the connection to remote address[] result: true
2020-10-13 22:36:35.488  INFO 23468 --- [NettyClientSelector_1] RocketmqRemoting                         : closeChannel: close the connection to remote address[] result: true
2020-10-13 22:36:35.900  INFO 23468 --- [NettyClientSelector_1] RocketmqRemoting                         : closeChannel: close the connection to remote address[] result: true
2020-10-13 22:37:05.547  INFO 23468 --- [NettyClientSelector_1] RocketmqRemoting                         : closeChannel: close the connection to remote address[] result: true
2020-10-13 22:37:05.842  INFO 23468 --- [NettyClientSelector_1] RocketmqRemoting                         : closeChannel: close the connection to remote address[] result: true
2020-10-13 22:37:35.624  INFO 23468 --- [NettyClientSelector_1] RocketmqRemoting                         : closeChannel: close the connection to remote address[] result: true
2020-10-13 22:37:35.828  INFO 23468 --- [NettyClientSelector_1] RocketmqRemoting                         : closeChannel: close the connection to remote address[] result: true
2020-10-13 22:38:05.504  INFO 23468 --- [NettyClientSelector_1] RocketmqRemoting                         : closeChannel: close the connection to remote address[] result: true
2020-10-13 22:38:05.915  INFO 23468 --- [NettyClientSelector_1] RocketmqRemoting                         : closeChannel: close the connection to remote address[] result: true
2020-10-13 22:38:35.470  INFO 23468 --- [NettyClientSelector_1] RocketmqRemoting                         : closeChannel: close the connection to remote address[] result: true
2020-10-13 22:38:35.815  INFO 23468 --- [NettyClientSelector_1] RocketmqRemoting                         : closeChannel: close the connection to remote address[] result: true
2020-10-13 22:39:05.643  INFO 23468 --- [NettyClientSelector_1] RocketmqRemoting                         : closeChannel: close the connection to remote address[] result: true
2020-10-13 22:39:05.841  INFO 23468 --- [NettyClientSelector_1] RocketmqRemoting                         : closeChannel: close the connection to remote address[] result: true
2020-10-13 22:39:35.490  INFO 23468 --- [NettyClientSelector_1] RocketmqRemoting                         : closeChannel: close the connection to remote address[] result: true
2020-10-13 22:39:35.763  INFO 23468 --- [NettyClientSelector_1] RocketmqRemoting                         : closeChannel: close the connection to remote address[] result: true
2020-10-13 22:40:05.557  INFO 23468 --- [NettyClientSelector_1] RocketmqRemoting                         : closeChannel: close the connection to remote address[] result: true
2020-10-13 22:40:05.969  INFO 23468 --- [NettyClientSelector_1] RocketmqRemoting                         : closeChannel: close the connection to remote address[] result: true
2020-10-13 22:40:35.667  INFO 23468 --- [NettyClientSelector_1] RocketmqRemoting                         : closeChannel: close the connection to remote address[] result: true
2020-10-13 22:40:36.051  INFO 23468 --- [NettyClientSelector_1] RocketmqRemoting                         : closeChannel: close the connection to remote address[] result: true
2020-10-13 22:41:05.498  INFO 23468 --- [NettyClientSelector_1] RocketmqRemoting                         : closeChannel: close the connection to remote address[] result: true
2020-10-13 22:41:05.775  INFO 23468 --- [NettyClientSelector_1] RocketmqRemoting                         : closeChannel: close the connection to remote address[] result: true
2020-10-13 22:41:35.557  INFO 23468 --- [NettyClientSelector_1] RocketmqRemoting                         : closeChannel: close the connection to remote address[] result: true
2020-10-13 22:41:35.839  INFO 23468 --- [NettyClientSelector_1] RocketmqRemoting                         : closeChannel: close the connection to remote address[] result: true
2020-10-13 22:42:05.631  INFO 23468 --- [NettyClientSelector_1] RocketmqRemoting                         : closeChannel: close the connection to remote address[] result: true
2020-10-13 22:42:05.855  INFO 23468 --- [NettyClientSelector_1] RocketmqRemoting                         : closeChannel: close the connection to remote address[] result: true
2020-10-13 22:42:35.743  INFO 23468 --- [NettyClientSelector_1] RocketmqRemoting                         : closeChannel: close the connection to remote address[] result: true
2020-10-13 22:42:35.908  INFO 23468 --- [NettyClientSelector_1] RocketmqRemoting                         : closeChannel: close the connection to remote address[] result: true
2020-10-13 22:43:05.555  INFO 23468 --- [NettyClientSelector_1] RocketmqRemoting                         : closeChannel: close the connection to remote address[] result: true
2020-10-13 22:43:05.824  INFO 23468 --- [NettyClientSelector_1] RocketmqRemoting                         : closeChannel: close the connection to remote address[] result: true
2020-10-13 22:43:35.657  INFO 23468 --- [NettyClientSelector_1] RocketmqRemoting                         : closeChannel: close the connection to remote address[] result: true
2020-10-13 22:43:36.268  INFO 23468 --- [NettyClientSelector_1] RocketmqRemoting                         : closeChannel: close the connection to remote address[] result: true
2020-10-13 22:44:05.701  INFO 23468 --- [NettyClientSelector_1] RocketmqRemoting                         : closeChannel: close the connection to remote address[] result: true
2020-10-13 22:44:05.917  INFO 23468 --- [NettyClientSelector_1] RocketmqRemoting                         : closeChannel: close the connection to remote address[] result: true
2020-10-13 22:44:35.558  INFO 23468 --- [NettyClientSelector_1] RocketmqRemoting                         : closeChannel: close the connection to remote address[] result: true
2020-10-13 22:44:35.981  INFO 23468 --- [NettyClientSelector_1] RocketmqRemoting                         : closeChannel: close the connection to remote address[] result: true
2020-10-13 22:45:05.647  INFO 23468 --- [NettyClientSelector_1] RocketmqRemoting                         : closeChannel: close the connection to remote address[] result: true
2020-10-13 22:45:05.871  INFO 23468 --- [NettyClientSelector_1] RocketmqRemoting                         : closeChannel: close the connection to remote address[] result: true
2020-10-13 22:45:35.489  INFO 23468 --- [NettyClientSelector_1] RocketmqRemoting                         : closeChannel: close the connection to remote address[] result: true
2020-10-13 22:45:35.909  INFO 23468 --- [NettyClientSelector_1] RocketmqRemoting                         : closeChannel: close the connection to remote address[] result: true
2020-10-13 22:46:05.530  INFO 23468 --- [NettyClientSelector_1] RocketmqRemoting                         : closeChannel: close the connection to remote address[] result: true
2020-10-13 22:46:05.979  INFO 23468 --- [NettyClientSelector_1] RocketmqRemoting                         : closeChannel: close the connection to remote address[] result: true
2020-10-13 22:46:35.635  INFO 23468 --- [NettyClientSelector_1] RocketmqRemoting                         : closeChannel: close the connection to remote address[] result: true
2020-10-13 22:46:35.842  INFO 23468 --- [NettyClientSelector_1] RocketmqRemoting                         : closeChannel: close the connection to remote address[] result: true
2020-10-13 22:47:05.453  INFO 23468 --- [NettyClientSelector_1] RocketmqRemoting                         : closeChannel: close the connection to remote address[] result: true
2020-10-13 22:47:05.899  INFO 23468 --- [NettyClientSelector_1] RocketmqRemoting                         : closeChannel: close the connection to remote address[] result: true
2020-10-13 22:47:35.653  INFO 23468 --- [NettyClientSelector_1] RocketmqRemoting                         : closeChannel: close the connection to remote address[] result: true
2020-10-13 22:47:35.990  INFO 23468 --- [NettyClientSelector_1] RocketmqRemoting                         : closeChannel: close the connection to remote address[] result: true
2020-10-13 22:48:05.648  INFO 23468 --- [NettyClientSelector_1] RocketmqRemoting                         : closeChannel: close the connection to remote address[] result: true
2020-10-13 22:48:05.860  INFO 23468 --- [NettyClientSelector_1] RocketmqRemoting                         : closeChannel: close the connection to remote address[] result: true
2020-10-13 22:48:35.719  INFO 23468 --- [NettyClientSelector_1] RocketmqRemoting                         : closeChannel: close the connection to remote address[] result: true
2020-10-13 22:48:36.122  INFO 23468 --- [NettyClientSelector_1] RocketmqRemoting                         : closeChannel: close the connection to remote address[] result: true
2020-10-13 22:49:05.500  INFO 23468 --- [NettyClientSelector_1] RocketmqRemoting                         : closeChannel: close the connection to remote address[] result: true
2020-10-13 22:49:05.849  INFO 23468 --- [NettyClientSelector_1] RocketmqRemoting                         : closeChannel: close the connection to remote address[] result: true
2020-10-13 22:49:35.640  INFO 23468 --- [NettyClientSelector_1] RocketmqRemoting                         : closeChannel: close the connection to remote address[] result: true
2020-10-13 22:49:35.854  INFO 23468 --- [NettyClientSelector_1] RocketmqRemoting                         : closeChannel: close the connection to remote address[] result: true
2020-10-13 22:50:05.564  INFO 23468 --- [NettyClientSelector_1] RocketmqRemoting                         : closeChannel: close the connection to remote address[] result: true
2020-10-13 22:50:05.913  INFO 23468 --- [NettyClientSelector_1] RocketmqRemoting                         : closeChannel: close the connection to remote address[] result: true
2020-10-13 22:50:35.570  INFO 23468 --- [NettyClientSelector_1] RocketmqRemoting                         : closeChannel: close the connection to remote address[] result: true
2020-10-13 22:50:35.854  INFO 23468 --- [NettyClientSelector_1] RocketmqRemoting                         : closeChannel: close the connection to remote address[] result: true
2020-10-13 22:51:05.641  INFO 23468 --- [NettyClientSelector_1] RocketmqRemoting                         : closeChannel: close the connection to remote address[] result: true
2020-10-13 22:51:05.885  INFO 23468 --- [NettyClientSelector_1] RocketmqRemoting                         : closeChannel: close the connection to remote address[] result: true
2020-10-13 22:51:35.486  INFO 23468 --- [NettyClientSelector_1] RocketmqRemoting                         : closeChannel: close the connection to remote address[] result: true
2020-10-13 22:51:35.921  INFO 23468 --- [NettyClientSelector_1] RocketmqRemoting                         : closeChannel: close the connection to remote address[] result: true
2020-10-13 22:52:05.573  INFO 23468 --- [NettyClientSelector_1] RocketmqRemoting                         : closeChannel: close the connection to remote address[] result: true
2020-10-13 22:52:05.834  INFO 23468 --- [NettyClientSelector_1] RocketmqRemoting                         : closeChannel: close the connection to remote address[] result: true
2020-10-13 22:57:36.458  INFO 1820 --- [main] c.s.r.product.RocketProductApplication   : Starting RocketProductApplication on LAPTOP-D3NF4CSD with PID 1820 (D:\codedir\studyway\rocket\rocket_product\target\classes started by dingpf in D:\codedir\studyway\rocket\rocket_product)
2020-10-13 22:57:36.462  INFO 1820 --- [main] c.s.r.product.RocketProductApplication   : No active profile set, falling back to default profiles: default
2020-10-13 22:57:37.230  INFO 1820 --- [main] o.s.b.w.embedded.tomcat.TomcatWebServer  : Tomcat initialized with port(s): 8099 (http)
2020-10-13 22:57:37.246  INFO 1820 --- [main] o.apache.catalina.core.StandardService   : Starting service [Tomcat]
2020-10-13 22:57:37.246  INFO 1820 --- [main] org.apache.catalina.core.StandardEngine  : Starting Servlet engine: [Apache Tomcat/9.0.21]
2020-10-13 22:57:37.327  INFO 1820 --- [main] o.a.c.c.C.[Tomcat].[localhost].[/]       : Initializing Spring embedded WebApplicationContext
2020-10-13 22:57:37.327  INFO 1820 --- [main] o.s.web.context.ContextLoader            : Root WebApplicationContext: initialization completed in 811 ms
2020-10-13 22:57:38.636  INFO 1820 --- [main] o.s.s.concurrent.ThreadPoolTaskExecutor  : Initializing ExecutorService 'applicationTaskExecutor'
2020-10-13 22:57:38.786  INFO 1820 --- [main] o.s.b.w.embedded.tomcat.TomcatWebServer  : Tomcat started on port(s): 8099 (http) with context path ''
2020-10-13 22:57:38.788  INFO 1820 --- [main] c.s.r.product.RocketProductApplication   : Started RocketProductApplication in 2.637 seconds (JVM running for 3.258)
2020-10-13 22:57:41.714  INFO 1820 --- [NettyClientSelector_1] RocketmqRemoting                         : closeChannel: close the connection to remote address[] result: true
2020-10-13 22:57:42.232  INFO 1820 --- [NettyClientSelector_1] RocketmqRemoting                         : closeChannel: close the connection to remote address[] result: true
2020-10-13 22:57:46.334  INFO 1820 --- [http-nio-8099-exec-1] o.a.c.c.C.[Tomcat].[localhost].[/]       : Initializing Spring DispatcherServlet 'dispatcherServlet'
2020-10-13 22:57:46.334  INFO 1820 --- [http-nio-8099-exec-1] o.s.web.servlet.DispatcherServlet        : Initializing Servlet 'dispatcherServlet'
2020-10-13 22:57:46.339  INFO 1820 --- [http-nio-8099-exec-1] o.s.web.servlet.DispatcherServlet        : Completed initialization in 5 ms
2020-10-13 22:58:11.299  INFO 1820 --- [NettyClientSelector_1] RocketmqRemoting                         : closeChannel: close the connection to remote address[] result: true
2020-10-13 22:58:11.582  INFO 1820 --- [NettyClientSelector_1] RocketmqRemoting                         : closeChannel: close the connection to remote address[] result: true
2020-10-13 22:58:39.032  INFO 1820 --- [NettyClientSelector_1] RocketmqRemoting                         : closeChannel: close the connection to remote address[] result: true
2020-10-13 22:58:41.560  INFO 1820 --- [NettyClientSelector_1] RocketmqRemoting                         : closeChannel: close the connection to remote address[] result: true
2020-10-13 22:58:42.035 ERROR 1820 --- [http-nio-8099-exec-3] o.a.r.spring.core.RocketMQTemplate       : syncSend failed. destination:string-topic, message:GenericMessage [payload=a, headers={id=733cbdae-78ac-2885-f12c-db7c42a685aa, timestamp=1602601116227}] 
2020-10-13 22:58:42.036  INFO 1820 --- [NettyClientSelector_1] RocketmqRemoting                         : closeChannel: close the connection to remote address[] result: true
2020-10-13 22:58:42.044 ERROR 1820 --- [http-nio-8099-exec-3] o.a.c.c.C.[.[.[/].[dispatcherServlet]    : Servlet.service() for servlet [dispatcherServlet] in context with path [] threw exception [Request processing failed; nested exception is org.springframework.messaging.MessagingException: sendDefaultImpl call timeout; nested exception is org.apache.rocketmq.remoting.exception.RemotingTooMuchRequestException: sendDefaultImpl call timeout] with root cause

org.apache.rocketmq.remoting.exception.RemotingTooMuchRequestException: sendDefaultImpl call timeout
	at org.apache.rocketmq.client.impl.producer.DefaultMQProducerImpl.sendDefaultImpl(DefaultMQProducerImpl.java:666) ~[rocketmq-client-4.6.0.jar:4.6.0]
	at org.apache.rocketmq.client.impl.producer.DefaultMQProducerImpl.send(DefaultMQProducerImpl.java:1342) ~[rocketmq-client-4.6.0.jar:4.6.0]
	at org.apache.rocketmq.client.producer.DefaultMQProducer.send(DefaultMQProducer.java:343) ~[rocketmq-client-4.6.0.jar:4.6.0]
	at org.apache.rocketmq.spring.core.RocketMQTemplate.syncSend(RocketMQTemplate.java:526) ~[rocketmq-spring-boot-2.1.0.jar:2.1.0]
	at org.apache.rocketmq.spring.core.RocketMQTemplate.syncSend(RocketMQTemplate.java:466) ~[rocketmq-spring-boot-2.1.0.jar:2.1.0]
	at org.apache.rocketmq.spring.core.RocketMQTemplate.syncSend(RocketMQTemplate.java:559) ~[rocketmq-spring-boot-2.1.0.jar:2.1.0]
	at org.apache.rocketmq.spring.core.RocketMQTemplate.syncSend(RocketMQTemplate.java:546) ~[rocketmq-spring-boot-2.1.0.jar:2.1.0]
	at com.studyway.rocket.product.service.impl.ProducerServiceImpl.sendString(ProducerServiceImpl.java:34) ~[classes/:na]
	at com.studyway.rocket.product.rest.ProduceController.sendString(ProduceController.java:24) ~[classes/:na]
	at sun.reflect.NativeMethodAccessorImpl.invoke0(Native Method) ~[na:1.8.0_171]
	at sun.reflect.NativeMethodAccessorImpl.invoke(NativeMethodAccessorImpl.java:62) ~[na:1.8.0_171]
	at sun.reflect.DelegatingMethodAccessorImpl.invoke(DelegatingMethodAccessorImpl.java:43) ~[na:1.8.0_171]
	at java.lang.reflect.Method.invoke(Method.java:498) ~[na:1.8.0_171]
	at org.springframework.web.method.support.InvocableHandlerMethod.doInvoke(InvocableHandlerMethod.java:190) ~[spring-web-5.1.8.RELEASE.jar:5.1.8.RELEASE]
	at org.springframework.web.method.support.InvocableHandlerMethod.invokeForRequest(InvocableHandlerMethod.java:138) ~[spring-web-5.1.8.RELEASE.jar:5.1.8.RELEASE]
	at org.springframework.web.servlet.mvc.method.annotation.ServletInvocableHandlerMethod.invokeAndHandle(ServletInvocableHandlerMethod.java:104) ~[spring-webmvc-5.1.8.RELEASE.jar:5.1.8.RELEASE]
	at org.springframework.web.servlet.mvc.method.annotation.RequestMappingHandlerAdapter.invokeHandlerMethod(RequestMappingHandlerAdapter.java:892) ~[spring-webmvc-5.1.8.RELEASE.jar:5.1.8.RELEASE]
	at org.springframework.web.servlet.mvc.method.annotation.RequestMappingHandlerAdapter.handleInternal(RequestMappingHandlerAdapter.java:797) ~[spring-webmvc-5.1.8.RELEASE.jar:5.1.8.RELEASE]
	at org.springframework.web.servlet.mvc.method.AbstractHandlerMethodAdapter.handle(AbstractHandlerMethodAdapter.java:87) ~[spring-webmvc-5.1.8.RELEASE.jar:5.1.8.RELEASE]
	at org.springframework.web.servlet.DispatcherServlet.doDispatch(DispatcherServlet.java:1039) ~[spring-webmvc-5.1.8.RELEASE.jar:5.1.8.RELEASE]
	at org.springframework.web.servlet.DispatcherServlet.doService(DispatcherServlet.java:942) ~[spring-webmvc-5.1.8.RELEASE.jar:5.1.8.RELEASE]
	at org.springframework.web.servlet.FrameworkServlet.processRequest(FrameworkServlet.java:1005) ~[spring-webmvc-5.1.8.RELEASE.jar:5.1.8.RELEASE]
	at org.springframework.web.servlet.FrameworkServlet.doGet(FrameworkServlet.java:897) ~[spring-webmvc-5.1.8.RELEASE.jar:5.1.8.RELEASE]
	at javax.servlet.http.HttpServlet.service(HttpServlet.java:634) ~[tomcat-embed-core-9.0.21.jar:9.0.21]
	at org.springframework.web.servlet.FrameworkServlet.service(FrameworkServlet.java:882) ~[spring-webmvc-5.1.8.RELEASE.jar:5.1.8.RELEASE]
	at javax.servlet.http.HttpServlet.service(HttpServlet.java:741) ~[tomcat-embed-core-9.0.21.jar:9.0.21]
	at org.apache.catalina.core.ApplicationFilterChain.internalDoFilter(ApplicationFilterChain.java:231) ~[tomcat-embed-core-9.0.21.jar:9.0.21]
	at org.apache.catalina.core.ApplicationFilterChain.doFilter(ApplicationFilterChain.java:166) ~[tomcat-embed-core-9.0.21.jar:9.0.21]
	at org.apache.tomcat.websocket.server.WsFilter.doFilter(WsFilter.java:53) ~[tomcat-embed-websocket-9.0.21.jar:9.0.21]
	at org.apache.catalina.core.ApplicationFilterChain.internalDoFilter(ApplicationFilterChain.java:193) ~[tomcat-embed-core-9.0.21.jar:9.0.21]
	at org.apache.catalina.core.ApplicationFilterChain.doFilter(ApplicationFilterChain.java:166) ~[tomcat-embed-core-9.0.21.jar:9.0.21]
	at org.springframework.web.filter.RequestContextFilter.doFilterInternal(RequestContextFilter.java:99) ~[spring-web-5.1.8.RELEASE.jar:5.1.8.RELEASE]
	at org.springframework.web.filter.OncePerRequestFilter.doFilter(OncePerRequestFilter.java:109) ~[spring-web-5.1.8.RELEASE.jar:5.1.8.RELEASE]
	at org.apache.catalina.core.ApplicationFilterChain.internalDoFilter(ApplicationFilterChain.java:193) ~[tomcat-embed-core-9.0.21.jar:9.0.21]
	at org.apache.catalina.core.ApplicationFilterChain.doFilter(ApplicationFilterChain.java:166) ~[tomcat-embed-core-9.0.21.jar:9.0.21]
	at org.springframework.web.filter.FormContentFilter.doFilterInternal(FormContentFilter.java:92) ~[spring-web-5.1.8.RELEASE.jar:5.1.8.RELEASE]
	at org.springframework.web.filter.OncePerRequestFilter.doFilter(OncePerRequestFilter.java:109) ~[spring-web-5.1.8.RELEASE.jar:5.1.8.RELEASE]
	at org.apache.catalina.core.ApplicationFilterChain.internalDoFilter(ApplicationFilterChain.java:193) ~[tomcat-embed-core-9.0.21.jar:9.0.21]
	at org.apache.catalina.core.ApplicationFilterChain.doFilter(ApplicationFilterChain.java:166) ~[tomcat-embed-core-9.0.21.jar:9.0.21]
	at org.springframework.web.filter.HiddenHttpMethodFilter.doFilterInternal(HiddenHttpMethodFilter.java:93) ~[spring-web-5.1.8.RELEASE.jar:5.1.8.RELEASE]
	at org.springframework.web.filter.OncePerRequestFilter.doFilter(OncePerRequestFilter.java:109) ~[spring-web-5.1.8.RELEASE.jar:5.1.8.RELEASE]
	at org.apache.catalina.core.ApplicationFilterChain.internalDoFilter(ApplicationFilterChain.java:193) ~[tomcat-embed-core-9.0.21.jar:9.0.21]
	at org.apache.catalina.core.ApplicationFilterChain.doFilter(ApplicationFilterChain.java:166) ~[tomcat-embed-core-9.0.21.jar:9.0.21]
	at org.springframework.web.filter.CharacterEncodingFilter.doFilterInternal(CharacterEncodingFilter.java:200) ~[spring-web-5.1.8.RELEASE.jar:5.1.8.RELEASE]
	at org.springframework.web.filter.OncePerRequestFilter.doFilter(OncePerRequestFilter.java:109) ~[spring-web-5.1.8.RELEASE.jar:5.1.8.RELEASE]
	at org.apache.catalina.core.ApplicationFilterChain.internalDoFilter(ApplicationFilterChain.java:193) ~[tomcat-embed-core-9.0.21.jar:9.0.21]
	at org.apache.catalina.core.ApplicationFilterChain.doFilter(ApplicationFilterChain.java:166) ~[tomcat-embed-core-9.0.21.jar:9.0.21]
	at org.apache.catalina.core.StandardWrapperValve.invoke(StandardWrapperValve.java:202) ~[tomcat-embed-core-9.0.21.jar:9.0.21]
	at org.apache.catalina.core.StandardContextValve.invoke(StandardContextValve.java:96) [tomcat-embed-core-9.0.21.jar:9.0.21]
	at org.apache.catalina.authenticator.AuthenticatorBase.invoke(AuthenticatorBase.java:490) [tomcat-embed-core-9.0.21.jar:9.0.21]
	at org.apache.catalina.core.StandardHostValve.invoke(StandardHostValve.java:139) [tomcat-embed-core-9.0.21.jar:9.0.21]
	at org.apache.catalina.valves.ErrorReportValve.invoke(ErrorReportValve.java:92) [tomcat-embed-core-9.0.21.jar:9.0.21]
	at org.apache.catalina.core.StandardEngineValve.invoke(StandardEngineValve.java:74) [tomcat-embed-core-9.0.21.jar:9.0.21]
	at org.apache.catalina.connector.CoyoteAdapter.service(CoyoteAdapter.java:343) [tomcat-embed-core-9.0.21.jar:9.0.21]
	at org.apache.coyote.http11.Http11Processor.service(Http11Processor.java:408) [tomcat-embed-core-9.0.21.jar:9.0.21]
	at org.apache.coyote.AbstractProcessorLight.process(AbstractProcessorLight.java:66) [tomcat-embed-core-9.0.21.jar:9.0.21]
	at org.apache.coyote.AbstractProtocol$ConnectionHandler.process(AbstractProtocol.java:853) [tomcat-embed-core-9.0.21.jar:9.0.21]
	at org.apache.tomcat.util.net.NioEndpoint$SocketProcessor.doRun(NioEndpoint.java:1587) [tomcat-embed-core-9.0.21.jar:9.0.21]
	at org.apache.tomcat.util.net.SocketProcessorBase.run(SocketProcessorBase.java:49) [tomcat-embed-core-9.0.21.jar:9.0.21]
	at java.util.concurrent.ThreadPoolExecutor.runWorker(ThreadPoolExecutor.java:1149) [na:1.8.0_171]
	at java.util.concurrent.ThreadPoolExecutor$Worker.run(ThreadPoolExecutor.java:624) [na:1.8.0_171]
	at org.apache.tomcat.util.threads.TaskThread$WrappingRunnable.run(TaskThread.java:61) [tomcat-embed-core-9.0.21.jar:9.0.21]
	at java.lang.Thread.run(Thread.java:748) [na:1.8.0_171]

2020-10-13 22:59:11.491  INFO 1820 --- [NettyClientSelector_1] RocketmqRemoting                         : closeChannel: close the connection to remote address[] result: true
2020-10-13 22:59:11.721  INFO 1820 --- [NettyClientSelector_1] RocketmqRemoting                         : closeChannel: close the connection to remote address[] result: true
2020-10-13 22:59:43.369  INFO 1820 --- [NettyClientSelector_1] RocketmqRemoting                         : closeChannel: close the connection to remote address[] result: true
2020-10-13 22:59:43.617  INFO 1820 --- [NettyClientSelector_1] RocketmqRemoting                         : closeChannel: close the connection to remote address[] result: true
2020-10-13 23:00:13.314  INFO 1820 --- [NettyClientSelector_1] RocketmqRemoting                         : closeChannel: close the connection to remote address[] result: true
2020-10-13 23:00:13.601  INFO 1820 --- [NettyClientSelector_1] RocketmqRemoting                         : closeChannel: close the connection to remote address[] result: true
2020-10-13 23:00:43.415  INFO 1820 --- [NettyClientSelector_1] RocketmqRemoting                         : closeChannel: close the connection to remote address[] result: true
2020-10-13 23:00:43.659  INFO 1820 --- [NettyClientSelector_1] RocketmqRemoting                         : closeChannel: close the connection to remote address[] result: true
2020-10-13 23:01:13.324  INFO 1820 --- [NettyClientSelector_1] RocketmqRemoting                         : closeChannel: close the connection to remote address[] result: true
2020-10-13 23:01:13.953  INFO 1820 --- [NettyClientSelector_1] RocketmqRemoting                         : closeChannel: close the connection to remote address[] result: true
2020-10-13 23:01:43.331  INFO 1820 --- [NettyClientSelector_1] RocketmqRemoting                         : closeChannel: close the connection to remote address[] result: true
2020-10-13 23:01:43.625  INFO 1820 --- [NettyClientSelector_1] RocketmqRemoting                         : closeChannel: close the connection to remote address[] result: true
2020-10-13 23:02:13.562  INFO 1820 --- [NettyClientSelector_1] RocketmqRemoting                         : closeChannel: close the connection to remote address[] result: true
2020-10-13 23:02:13.679  INFO 1820 --- [NettyClientSelector_1] RocketmqRemoting                         : closeChannel: close the connection to remote address[] result: true
2020-10-13 23:02:43.313  INFO 1820 --- [NettyClientSelector_1] RocketmqRemoting                         : closeChannel: close the connection to remote address[] result: true
2020-10-13 23:02:44.093  INFO 1820 --- [NettyClientSelector_1] RocketmqRemoting                         : closeChannel: close the connection to remote address[] result: true
2020-10-13 23:03:13.330  INFO 1820 --- [NettyClientSelector_1] RocketmqRemoting                         : closeChannel: close the connection to remote address[] result: true
2020-10-13 23:03:13.644  INFO 1820 --- [NettyClientSelector_1] RocketmqRemoting                         : closeChannel: close the connection to remote address[] result: true
2020-10-13 23:03:43.304  INFO 1820 --- [NettyClientSelector_1] RocketmqRemoting                         : closeChannel: close the connection to remote address[] result: true
2020-10-13 23:03:43.572  INFO 1820 --- [NettyClientSelector_1] RocketmqRemoting                         : closeChannel: close the connection to remote address[] result: true
2020-10-13 23:04:13.343  INFO 1820 --- [NettyClientSelector_1] RocketmqRemoting                         : closeChannel: close the connection to remote address[] result: true
2020-10-13 23:04:13.584  INFO 1820 --- [NettyClientSelector_1] RocketmqRemoting                         : closeChannel: close the connection to remote address[] result: true
2020-10-13 23:04:43.308  INFO 1820 --- [NettyClientSelector_1] RocketmqRemoting                         : closeChannel: close the connection to remote address[] result: true
2020-10-13 23:04:43.645  INFO 1820 --- [NettyClientSelector_1] RocketmqRemoting                         : closeChannel: close the connection to remote address[] result: true
2020-10-13 23:05:13.326  INFO 1820 --- [NettyClientSelector_1] RocketmqRemoting                         : closeChannel: close the connection to remote address[] result: true
2020-10-13 23:05:13.707  INFO 1820 --- [NettyClientSelector_1] RocketmqRemoting                         : closeChannel: close the connection to remote address[] result: true
2020-10-13 23:05:43.270  INFO 1820 --- [NettyClientSelector_1] RocketmqRemoting                         : closeChannel: close the connection to remote address[] result: true
2020-10-13 23:05:43.723  INFO 1820 --- [NettyClientSelector_1] RocketmqRemoting                         : closeChannel: close the connection to remote address[] result: true
2020-10-13 23:06:13.308  INFO 1820 --- [NettyClientSelector_1] RocketmqRemoting                         : closeChannel: close the connection to remote address[] result: true
2020-10-13 23:06:13.753  INFO 1820 --- [NettyClientSelector_1] RocketmqRemoting                         : closeChannel: close the connection to remote address[] result: true
2020-10-13 23:06:43.314  INFO 1820 --- [NettyClientSelector_1] RocketmqRemoting                         : closeChannel: close the connection to remote address[] result: true
2020-10-13 23:06:44.538  INFO 1820 --- [NettyClientSelector_1] RocketmqRemoting                         : closeChannel: close the connection to remote address[] result: true
2020-10-13 23:07:13.289  INFO 1820 --- [NettyClientSelector_1] RocketmqRemoting                         : closeChannel: close the connection to remote address[] result: true
2020-10-13 23:07:13.598  INFO 1820 --- [NettyClientSelector_1] RocketmqRemoting                         : closeChannel: close the connection to remote address[] result: true
2020-10-13 23:07:43.304  INFO 1820 --- [NettyClientSelector_1] RocketmqRemoting                         : closeChannel: close the connection to remote address[] result: true
2020-10-13 23:07:43.618  INFO 1820 --- [NettyClientSelector_1] RocketmqRemoting                         : closeChannel: close the connection to remote address[] result: true
2020-10-13 23:08:10.290  INFO 1820 --- [NettyClientSelector_1] RocketmqRemoting                         : closeChannel: close the connection to remote address[] result: true
2020-10-13 23:08:10.616  INFO 1820 --- [NettyClientSelector_1] RocketmqRemoting                         : closeChannel: close the connection to remote address[] result: true
2020-10-13 23:08:12.380  INFO 1820 --- [NettyClientSelector_1] RocketmqRemoting                         : closeChannel: close the connection to remote address[] result: true
2020-10-13 23:08:12.672  INFO 1820 --- [NettyClientSelector_1] RocketmqRemoting                         : closeChannel: close the connection to remote address[] result: true
2020-10-13 23:08:41.255  INFO 1820 --- [NettyClientSelector_1] RocketmqRemoting                         : closeChannel: close the connection to remote address[] result: true
2020-10-13 23:08:41.575  INFO 1820 --- [NettyClientSelector_1] RocketmqRemoting                         : closeChannel: close the connection to remote address[] result: true
2020-10-13 23:09:11.273  INFO 1820 --- [NettyClientSelector_1] RocketmqRemoting                         : closeChannel: close the connection to remote address[] result: true
2020-10-13 23:09:11.593  INFO 1820 --- [NettyClientSelector_1] RocketmqRemoting                         : closeChannel: close the connection to remote address[] result: true
2020-10-13 23:09:41.271  INFO 1820 --- [NettyClientSelector_1] RocketmqRemoting                         : closeChannel: close the connection to remote address[] result: true
2020-10-13 23:09:41.570  INFO 1820 --- [NettyClientSelector_1] RocketmqRemoting                         : closeChannel: close the connection to remote address[] result: true
2020-10-13 23:10:11.260  INFO 1820 --- [NettyClientSelector_1] RocketmqRemoting                         : closeChannel: close the connection to remote address[] result: true
2020-10-13 23:10:11.577  INFO 1820 --- [NettyClientSelector_1] RocketmqRemoting                         : closeChannel: close the connection to remote address[] result: true
2020-10-13 23:10:17.557  INFO 1820 --- [NettyClientSelector_1] RocketmqRemoting                         : closeChannel: close the connection to remote address[] result: true
2020-10-13 23:10:19.817 ERROR 1820 --- [http-nio-8099-exec-5] o.a.r.spring.core.RocketMQTemplate       : syncSend failed. destination:string-topic, message:GenericMessage [payload=a, headers={id=689c0fd9-56f8-c9b5-8914-79a8930aaf9b, timestamp=1602601814922}] 
2020-10-13 23:10:19.817  INFO 1820 --- [NettyClientSelector_1] RocketmqRemoting                         : closeChannel: close the connection to remote address[] result: true
2020-10-13 23:10:19.818 ERROR 1820 --- [http-nio-8099-exec-5] o.a.c.c.C.[.[.[/].[dispatcherServlet]    : Servlet.service() for servlet [dispatcherServlet] in context with path [] threw exception [Request processing failed; nested exception is org.springframework.messaging.MessagingException: sendDefaultImpl call timeout; nested exception is org.apache.rocketmq.remoting.exception.RemotingTooMuchRequestException: sendDefaultImpl call timeout] with root cause

org.apache.rocketmq.remoting.exception.RemotingTooMuchRequestException: sendDefaultImpl call timeout
	at org.apache.rocketmq.client.impl.producer.DefaultMQProducerImpl.sendDefaultImpl(DefaultMQProducerImpl.java:666) ~[rocketmq-client-4.6.0.jar:4.6.0]
	at org.apache.rocketmq.client.impl.producer.DefaultMQProducerImpl.send(DefaultMQProducerImpl.java:1342) ~[rocketmq-client-4.6.0.jar:4.6.0]
	at org.apache.rocketmq.client.producer.DefaultMQProducer.send(DefaultMQProducer.java:343) ~[rocketmq-client-4.6.0.jar:4.6.0]
	at org.apache.rocketmq.spring.core.RocketMQTemplate.syncSend(RocketMQTemplate.java:526) ~[rocketmq-spring-boot-2.1.0.jar:2.1.0]
	at org.apache.rocketmq.spring.core.RocketMQTemplate.syncSend(RocketMQTemplate.java:466) ~[rocketmq-spring-boot-2.1.0.jar:2.1.0]
	at org.apache.rocketmq.spring.core.RocketMQTemplate.syncSend(RocketMQTemplate.java:559) ~[rocketmq-spring-boot-2.1.0.jar:2.1.0]
	at org.apache.rocketmq.spring.core.RocketMQTemplate.syncSend(RocketMQTemplate.java:546) ~[rocketmq-spring-boot-2.1.0.jar:2.1.0]
	at com.studyway.rocket.product.service.impl.ProducerServiceImpl.sendString(ProducerServiceImpl.java:34) ~[classes/:na]
	at com.studyway.rocket.product.rest.ProduceController.sendString(ProduceController.java:24) ~[classes/:na]
	at sun.reflect.NativeMethodAccessorImpl.invoke0(Native Method) ~[na:1.8.0_171]
	at sun.reflect.NativeMethodAccessorImpl.invoke(NativeMethodAccessorImpl.java:62) ~[na:1.8.0_171]
	at sun.reflect.DelegatingMethodAccessorImpl.invoke(DelegatingMethodAccessorImpl.java:43) ~[na:1.8.0_171]
	at java.lang.reflect.Method.invoke(Method.java:498) ~[na:1.8.0_171]
	at org.springframework.web.method.support.InvocableHandlerMethod.doInvoke(InvocableHandlerMethod.java:190) ~[spring-web-5.1.8.RELEASE.jar:5.1.8.RELEASE]
	at org.springframework.web.method.support.InvocableHandlerMethod.invokeForRequest(InvocableHandlerMethod.java:138) ~[spring-web-5.1.8.RELEASE.jar:5.1.8.RELEASE]
	at org.springframework.web.servlet.mvc.method.annotation.ServletInvocableHandlerMethod.invokeAndHandle(ServletInvocableHandlerMethod.java:104) ~[spring-webmvc-5.1.8.RELEASE.jar:5.1.8.RELEASE]
	at org.springframework.web.servlet.mvc.method.annotation.RequestMappingHandlerAdapter.invokeHandlerMethod(RequestMappingHandlerAdapter.java:892) ~[spring-webmvc-5.1.8.RELEASE.jar:5.1.8.RELEASE]
	at org.springframework.web.servlet.mvc.method.annotation.RequestMappingHandlerAdapter.handleInternal(RequestMappingHandlerAdapter.java:797) ~[spring-webmvc-5.1.8.RELEASE.jar:5.1.8.RELEASE]
	at org.springframework.web.servlet.mvc.method.AbstractHandlerMethodAdapter.handle(AbstractHandlerMethodAdapter.java:87) ~[spring-webmvc-5.1.8.RELEASE.jar:5.1.8.RELEASE]
	at org.springframework.web.servlet.DispatcherServlet.doDispatch(DispatcherServlet.java:1039) ~[spring-webmvc-5.1.8.RELEASE.jar:5.1.8.RELEASE]
	at org.springframework.web.servlet.DispatcherServlet.doService(DispatcherServlet.java:942) ~[spring-webmvc-5.1.8.RELEASE.jar:5.1.8.RELEASE]
	at org.springframework.web.servlet.FrameworkServlet.processRequest(FrameworkServlet.java:1005) ~[spring-webmvc-5.1.8.RELEASE.jar:5.1.8.RELEASE]
	at org.springframework.web.servlet.FrameworkServlet.doGet(FrameworkServlet.java:897) ~[spring-webmvc-5.1.8.RELEASE.jar:5.1.8.RELEASE]
	at javax.servlet.http.HttpServlet.service(HttpServlet.java:634) ~[tomcat-embed-core-9.0.21.jar:9.0.21]
	at org.springframework.web.servlet.FrameworkServlet.service(FrameworkServlet.java:882) ~[spring-webmvc-5.1.8.RELEASE.jar:5.1.8.RELEASE]
	at javax.servlet.http.HttpServlet.service(HttpServlet.java:741) ~[tomcat-embed-core-9.0.21.jar:9.0.21]
	at org.apache.catalina.core.ApplicationFilterChain.internalDoFilter(ApplicationFilterChain.java:231) ~[tomcat-embed-core-9.0.21.jar:9.0.21]
	at org.apache.catalina.core.ApplicationFilterChain.doFilter(ApplicationFilterChain.java:166) ~[tomcat-embed-core-9.0.21.jar:9.0.21]
	at org.apache.tomcat.websocket.server.WsFilter.doFilter(WsFilter.java:53) ~[tomcat-embed-websocket-9.0.21.jar:9.0.21]
	at org.apache.catalina.core.ApplicationFilterChain.internalDoFilter(ApplicationFilterChain.java:193) ~[tomcat-embed-core-9.0.21.jar:9.0.21]
	at org.apache.catalina.core.ApplicationFilterChain.doFilter(ApplicationFilterChain.java:166) ~[tomcat-embed-core-9.0.21.jar:9.0.21]
	at org.springframework.web.filter.RequestContextFilter.doFilterInternal(RequestContextFilter.java:99) ~[spring-web-5.1.8.RELEASE.jar:5.1.8.RELEASE]
	at org.springframework.web.filter.OncePerRequestFilter.doFilter(OncePerRequestFilter.java:109) ~[spring-web-5.1.8.RELEASE.jar:5.1.8.RELEASE]
	at org.apache.catalina.core.ApplicationFilterChain.internalDoFilter(ApplicationFilterChain.java:193) ~[tomcat-embed-core-9.0.21.jar:9.0.21]
	at org.apache.catalina.core.ApplicationFilterChain.doFilter(ApplicationFilterChain.java:166) ~[tomcat-embed-core-9.0.21.jar:9.0.21]
	at org.springframework.web.filter.FormContentFilter.doFilterInternal(FormContentFilter.java:92) ~[spring-web-5.1.8.RELEASE.jar:5.1.8.RELEASE]
	at org.springframework.web.filter.OncePerRequestFilter.doFilter(OncePerRequestFilter.java:109) ~[spring-web-5.1.8.RELEASE.jar:5.1.8.RELEASE]
	at org.apache.catalina.core.ApplicationFilterChain.internalDoFilter(ApplicationFilterChain.java:193) ~[tomcat-embed-core-9.0.21.jar:9.0.21]
	at org.apache.catalina.core.ApplicationFilterChain.doFilter(ApplicationFilterChain.java:166) ~[tomcat-embed-core-9.0.21.jar:9.0.21]
	at org.springframework.web.filter.HiddenHttpMethodFilter.doFilterInternal(HiddenHttpMethodFilter.java:93) ~[spring-web-5.1.8.RELEASE.jar:5.1.8.RELEASE]
	at org.springframework.web.filter.OncePerRequestFilter.doFilter(OncePerRequestFilter.java:109) ~[spring-web-5.1.8.RELEASE.jar:5.1.8.RELEASE]
	at org.apache.catalina.core.ApplicationFilterChain.internalDoFilter(ApplicationFilterChain.java:193) ~[tomcat-embed-core-9.0.21.jar:9.0.21]
	at org.apache.catalina.core.ApplicationFilterChain.doFilter(ApplicationFilterChain.java:166) ~[tomcat-embed-core-9.0.21.jar:9.0.21]
	at org.springframework.web.filter.CharacterEncodingFilter.doFilterInternal(CharacterEncodingFilter.java:200) ~[spring-web-5.1.8.RELEASE.jar:5.1.8.RELEASE]
	at org.springframework.web.filter.OncePerRequestFilter.doFilter(OncePerRequestFilter.java:109) ~[spring-web-5.1.8.RELEASE.jar:5.1.8.RELEASE]
	at org.apache.catalina.core.ApplicationFilterChain.internalDoFilter(ApplicationFilterChain.java:193) ~[tomcat-embed-core-9.0.21.jar:9.0.21]
	at org.apache.catalina.core.ApplicationFilterChain.doFilter(ApplicationFilterChain.java:166) ~[tomcat-embed-core-9.0.21.jar:9.0.21]
	at org.apache.catalina.core.StandardWrapperValve.invoke(StandardWrapperValve.java:202) ~[tomcat-embed-core-9.0.21.jar:9.0.21]
	at org.apache.catalina.core.StandardContextValve.invoke(StandardContextValve.java:96) [tomcat-embed-core-9.0.21.jar:9.0.21]
	at org.apache.catalina.authenticator.AuthenticatorBase.invoke(AuthenticatorBase.java:490) [tomcat-embed-core-9.0.21.jar:9.0.21]
	at org.apache.catalina.core.StandardHostValve.invoke(StandardHostValve.java:139) [tomcat-embed-core-9.0.21.jar:9.0.21]
	at org.apache.catalina.valves.ErrorReportValve.invoke(ErrorReportValve.java:92) [tomcat-embed-core-9.0.21.jar:9.0.21]
	at org.apache.catalina.core.StandardEngineValve.invoke(StandardEngineValve.java:74) [tomcat-embed-core-9.0.21.jar:9.0.21]
	at org.apache.catalina.connector.CoyoteAdapter.service(CoyoteAdapter.java:343) [tomcat-embed-core-9.0.21.jar:9.0.21]
	at org.apache.coyote.http11.Http11Processor.service(Http11Processor.java:408) [tomcat-embed-core-9.0.21.jar:9.0.21]
	at org.apache.coyote.AbstractProcessorLight.process(AbstractProcessorLight.java:66) [tomcat-embed-core-9.0.21.jar:9.0.21]
	at org.apache.coyote.AbstractProtocol$ConnectionHandler.process(AbstractProtocol.java:853) [tomcat-embed-core-9.0.21.jar:9.0.21]
	at org.apache.tomcat.util.net.NioEndpoint$SocketProcessor.doRun(NioEndpoint.java:1587) [tomcat-embed-core-9.0.21.jar:9.0.21]
	at org.apache.tomcat.util.net.SocketProcessorBase.run(SocketProcessorBase.java:49) [tomcat-embed-core-9.0.21.jar:9.0.21]
	at java.util.concurrent.ThreadPoolExecutor.runWorker(ThreadPoolExecutor.java:1149) [na:1.8.0_171]
	at java.util.concurrent.ThreadPoolExecutor$Worker.run(ThreadPoolExecutor.java:624) [na:1.8.0_171]
	at org.apache.tomcat.util.threads.TaskThread$WrappingRunnable.run(TaskThread.java:61) [tomcat-embed-core-9.0.21.jar:9.0.21]
	at java.lang.Thread.run(Thread.java:748) [na:1.8.0_171]

2020-10-13 23:10:41.269  INFO 1820 --- [NettyClientSelector_1] RocketmqRemoting                         : closeChannel: close the connection to remote address[] result: true
2020-10-13 23:10:41.581  INFO 1820 --- [NettyClientSelector_1] RocketmqRemoting                         : closeChannel: close the connection to remote address[] result: true
2020-10-13 23:11:11.274  INFO 1820 --- [NettyClientSelector_1] RocketmqRemoting                         : closeChannel: close the connection to remote address[] result: true
2020-10-13 23:11:11.589  INFO 1820 --- [NettyClientSelector_1] RocketmqRemoting                         : closeChannel: close the connection to remote address[] result: true
2020-10-13 23:11:41.283  INFO 1820 --- [NettyClientSelector_1] RocketmqRemoting                         : closeChannel: close the connection to remote address[] result: true
2020-10-13 23:11:41.576  INFO 1820 --- [NettyClientSelector_1] RocketmqRemoting                         : closeChannel: close the connection to remote address[] result: true
2020-10-13 23:12:11.389  INFO 1820 --- [NettyClientSelector_1] RocketmqRemoting                         : closeChannel: close the connection to remote address[] result: true
2020-10-13 23:12:11.638  INFO 1820 --- [NettyClientSelector_1] RocketmqRemoting                         : closeChannel: close the connection to remote address[] result: true
2020-10-13 23:12:41.270  INFO 1820 --- [NettyClientSelector_1] RocketmqRemoting                         : closeChannel: close the connection to remote address[] result: true
2020-10-13 23:12:41.579  INFO 1820 --- [NettyClientSelector_1] RocketmqRemoting                         : closeChannel: close the connection to remote address[] result: true
2020-10-13 23:13:11.261  INFO 1820 --- [NettyClientSelector_1] RocketmqRemoting                         : closeChannel: close the connection to remote address[] result: true
2020-10-13 23:13:11.566  INFO 1820 --- [NettyClientSelector_1] RocketmqRemoting                         : closeChannel: close the connection to remote address[] result: true
2020-10-13 23:13:41.342  INFO 1820 --- [NettyClientSelector_1] RocketmqRemoting                         : closeChannel: close the connection to remote address[] result: true
2020-10-13 23:13:41.642  INFO 1820 --- [NettyClientSelector_1] RocketmqRemoting                         : closeChannel: close the connection to remote address[] result: true
2020-10-13 23:13:49.998  INFO 9100 --- [main] c.s.r.product.RocketProductApplication   : Starting RocketProductApplication on LAPTOP-D3NF4CSD with PID 9100 (D:\codedir\studyway\rocket\rocket_product\target\classes started by dingpf in D:\codedir\studyway\rocket\rocket_product)
2020-10-13 23:13:50.002  INFO 9100 --- [main] c.s.r.product.RocketProductApplication   : No active profile set, falling back to default profiles: default
2020-10-13 23:13:50.691  INFO 9100 --- [main] o.s.b.w.embedded.tomcat.TomcatWebServer  : Tomcat initialized with port(s): 8099 (http)
2020-10-13 23:13:50.707  INFO 9100 --- [main] o.apache.catalina.core.StandardService   : Starting service [Tomcat]
2020-10-13 23:13:50.707  INFO 9100 --- [main] org.apache.catalina.core.StandardEngine  : Starting Servlet engine: [Apache Tomcat/9.0.21]
2020-10-13 23:13:50.788  INFO 9100 --- [main] o.a.c.c.C.[Tomcat].[localhost].[/]       : Initializing Spring embedded WebApplicationContext
2020-10-13 23:13:50.789  INFO 9100 --- [main] o.s.web.context.ContextLoader            : Root WebApplicationContext: initialization completed in 747 ms
2020-10-13 23:13:52.106  INFO 9100 --- [main] o.s.s.concurrent.ThreadPoolTaskExecutor  : Initializing ExecutorService 'applicationTaskExecutor'
2020-10-13 23:13:52.223  INFO 9100 --- [main] o.s.b.w.embedded.tomcat.TomcatWebServer  : Tomcat started on port(s): 8099 (http) with context path ''
2020-10-13 23:13:52.225  INFO 9100 --- [main] c.s.r.product.RocketProductApplication   : Started RocketProductApplication in 2.641 seconds (JVM running for 3.448)
2020-10-13 23:13:54.706  INFO 9100 --- [NettyClientSelector_1] RocketmqRemoting                         : closeChannel: close the connection to remote address[] result: true
2020-10-13 23:13:55.067  INFO 9100 --- [NettyClientSelector_1] RocketmqRemoting                         : closeChannel: close the connection to remote address[] result: true
2020-10-13 23:13:59.390  INFO 9100 --- [http-nio-8099-exec-1] o.a.c.c.C.[Tomcat].[localhost].[/]       : Initializing Spring DispatcherServlet 'dispatcherServlet'
2020-10-13 23:13:59.391  INFO 9100 --- [http-nio-8099-exec-1] o.s.web.servlet.DispatcherServlet        : Initializing Servlet 'dispatcherServlet'
2020-10-13 23:13:59.395  INFO 9100 --- [http-nio-8099-exec-1] o.s.web.servlet.DispatcherServlet        : Completed initialization in 4 ms
2020-10-13 23:14:01.822  INFO 9100 --- [NettyClientSelector_1] RocketmqRemoting                         : closeChannel: close the connection to remote address[] result: true
2020-10-13 23:14:03.873  INFO 9100 --- [NettyClientSelector_1] RocketmqRemoting                         : closeChannel: close the connection to remote address[] result: true
2020-10-13 23:14:03.873 ERROR 9100 --- [http-nio-8099-exec-1] o.a.r.spring.core.RocketMQTemplate       : syncSend failed. destination:string-topic, message:GenericMessage [payload=a, headers={id=26f0093d-6cb3-c0da-387a-e33ce187d973, timestamp=1602602039414}] 
2020-10-13 23:14:03.880 ERROR 9100 --- [http-nio-8099-exec-1] o.a.c.c.C.[.[.[/].[dispatcherServlet]    : Servlet.service() for servlet [dispatcherServlet] in context with path [] threw exception [Request processing failed; nested exception is org.springframework.messaging.MessagingException: sendDefaultImpl call timeout; nested exception is org.apache.rocketmq.remoting.exception.RemotingTooMuchRequestException: sendDefaultImpl call timeout] with root cause

org.apache.rocketmq.remoting.exception.RemotingTooMuchRequestException: sendDefaultImpl call timeout
	at org.apache.rocketmq.client.impl.producer.DefaultMQProducerImpl.sendDefaultImpl(DefaultMQProducerImpl.java:666) ~[rocketmq-client-4.6.0.jar:4.6.0]
	at org.apache.rocketmq.client.impl.producer.DefaultMQProducerImpl.send(DefaultMQProducerImpl.java:1342) ~[rocketmq-client-4.6.0.jar:4.6.0]
	at org.apache.rocketmq.client.producer.DefaultMQProducer.send(DefaultMQProducer.java:343) ~[rocketmq-client-4.6.0.jar:4.6.0]
	at org.apache.rocketmq.spring.core.RocketMQTemplate.syncSend(RocketMQTemplate.java:526) ~[rocketmq-spring-boot-2.1.0.jar:2.1.0]
	at org.apache.rocketmq.spring.core.RocketMQTemplate.syncSend(RocketMQTemplate.java:466) ~[rocketmq-spring-boot-2.1.0.jar:2.1.0]
	at org.apache.rocketmq.spring.core.RocketMQTemplate.syncSend(RocketMQTemplate.java:559) ~[rocketmq-spring-boot-2.1.0.jar:2.1.0]
	at org.apache.rocketmq.spring.core.RocketMQTemplate.syncSend(RocketMQTemplate.java:546) ~[rocketmq-spring-boot-2.1.0.jar:2.1.0]
	at com.studyway.rocket.product.service.impl.ProducerServiceImpl.sendString(ProducerServiceImpl.java:34) ~[classes/:na]
	at com.studyway.rocket.product.rest.ProduceController.sendString(ProduceController.java:24) ~[classes/:na]
	at sun.reflect.NativeMethodAccessorImpl.invoke0(Native Method) ~[na:1.8.0_171]
	at sun.reflect.NativeMethodAccessorImpl.invoke(NativeMethodAccessorImpl.java:62) ~[na:1.8.0_171]
	at sun.reflect.DelegatingMethodAccessorImpl.invoke(DelegatingMethodAccessorImpl.java:43) ~[na:1.8.0_171]
	at java.lang.reflect.Method.invoke(Method.java:498) ~[na:1.8.0_171]
	at org.springframework.web.method.support.InvocableHandlerMethod.doInvoke(InvocableHandlerMethod.java:190) ~[spring-web-5.1.8.RELEASE.jar:5.1.8.RELEASE]
	at org.springframework.web.method.support.InvocableHandlerMethod.invokeForRequest(InvocableHandlerMethod.java:138) ~[spring-web-5.1.8.RELEASE.jar:5.1.8.RELEASE]
	at org.springframework.web.servlet.mvc.method.annotation.ServletInvocableHandlerMethod.invokeAndHandle(ServletInvocableHandlerMethod.java:104) ~[spring-webmvc-5.1.8.RELEASE.jar:5.1.8.RELEASE]
	at org.springframework.web.servlet.mvc.method.annotation.RequestMappingHandlerAdapter.invokeHandlerMethod(RequestMappingHandlerAdapter.java:892) ~[spring-webmvc-5.1.8.RELEASE.jar:5.1.8.RELEASE]
	at org.springframework.web.servlet.mvc.method.annotation.RequestMappingHandlerAdapter.handleInternal(RequestMappingHandlerAdapter.java:797) ~[spring-webmvc-5.1.8.RELEASE.jar:5.1.8.RELEASE]
	at org.springframework.web.servlet.mvc.method.AbstractHandlerMethodAdapter.handle(AbstractHandlerMethodAdapter.java:87) ~[spring-webmvc-5.1.8.RELEASE.jar:5.1.8.RELEASE]
	at org.springframework.web.servlet.DispatcherServlet.doDispatch(DispatcherServlet.java:1039) ~[spring-webmvc-5.1.8.RELEASE.jar:5.1.8.RELEASE]
	at org.springframework.web.servlet.DispatcherServlet.doService(DispatcherServlet.java:942) ~[spring-webmvc-5.1.8.RELEASE.jar:5.1.8.RELEASE]
	at org.springframework.web.servlet.FrameworkServlet.processRequest(FrameworkServlet.java:1005) ~[spring-webmvc-5.1.8.RELEASE.jar:5.1.8.RELEASE]
	at org.springframework.web.servlet.FrameworkServlet.doGet(FrameworkServlet.java:897) ~[spring-webmvc-5.1.8.RELEASE.jar:5.1.8.RELEASE]
	at javax.servlet.http.HttpServlet.service(HttpServlet.java:634) ~[tomcat-embed-core-9.0.21.jar:9.0.21]
	at org.springframework.web.servlet.FrameworkServlet.service(FrameworkServlet.java:882) ~[spring-webmvc-5.1.8.RELEASE.jar:5.1.8.RELEASE]
	at javax.servlet.http.HttpServlet.service(HttpServlet.java:741) ~[tomcat-embed-core-9.0.21.jar:9.0.21]
	at org.apache.catalina.core.ApplicationFilterChain.internalDoFilter(ApplicationFilterChain.java:231) ~[tomcat-embed-core-9.0.21.jar:9.0.21]
	at org.apache.catalina.core.ApplicationFilterChain.doFilter(ApplicationFilterChain.java:166) ~[tomcat-embed-core-9.0.21.jar:9.0.21]
	at org.apache.tomcat.websocket.server.WsFilter.doFilter(WsFilter.java:53) ~[tomcat-embed-websocket-9.0.21.jar:9.0.21]
	at org.apache.catalina.core.ApplicationFilterChain.internalDoFilter(ApplicationFilterChain.java:193) ~[tomcat-embed-core-9.0.21.jar:9.0.21]
	at org.apache.catalina.core.ApplicationFilterChain.doFilter(ApplicationFilterChain.java:166) ~[tomcat-embed-core-9.0.21.jar:9.0.21]
	at org.springframework.web.filter.RequestContextFilter.doFilterInternal(RequestContextFilter.java:99) ~[spring-web-5.1.8.RELEASE.jar:5.1.8.RELEASE]
	at org.springframework.web.filter.OncePerRequestFilter.doFilter(OncePerRequestFilter.java:109) ~[spring-web-5.1.8.RELEASE.jar:5.1.8.RELEASE]
	at org.apache.catalina.core.ApplicationFilterChain.internalDoFilter(ApplicationFilterChain.java:193) ~[tomcat-embed-core-9.0.21.jar:9.0.21]
	at org.apache.catalina.core.ApplicationFilterChain.doFilter(ApplicationFilterChain.java:166) ~[tomcat-embed-core-9.0.21.jar:9.0.21]
	at org.springframework.web.filter.FormContentFilter.doFilterInternal(FormContentFilter.java:92) ~[spring-web-5.1.8.RELEASE.jar:5.1.8.RELEASE]
	at org.springframework.web.filter.OncePerRequestFilter.doFilter(OncePerRequestFilter.java:109) ~[spring-web-5.1.8.RELEASE.jar:5.1.8.RELEASE]
	at org.apache.catalina.core.ApplicationFilterChain.internalDoFilter(ApplicationFilterChain.java:193) ~[tomcat-embed-core-9.0.21.jar:9.0.21]
	at org.apache.catalina.core.ApplicationFilterChain.doFilter(ApplicationFilterChain.java:166) ~[tomcat-embed-core-9.0.21.jar:9.0.21]
	at org.springframework.web.filter.HiddenHttpMethodFilter.doFilterInternal(HiddenHttpMethodFilter.java:93) ~[spring-web-5.1.8.RELEASE.jar:5.1.8.RELEASE]
	at org.springframework.web.filter.OncePerRequestFilter.doFilter(OncePerRequestFilter.java:109) ~[spring-web-5.1.8.RELEASE.jar:5.1.8.RELEASE]
	at org.apache.catalina.core.ApplicationFilterChain.internalDoFilter(ApplicationFilterChain.java:193) ~[tomcat-embed-core-9.0.21.jar:9.0.21]
	at org.apache.catalina.core.ApplicationFilterChain.doFilter(ApplicationFilterChain.java:166) ~[tomcat-embed-core-9.0.21.jar:9.0.21]
	at org.springframework.web.filter.CharacterEncodingFilter.doFilterInternal(CharacterEncodingFilter.java:200) ~[spring-web-5.1.8.RELEASE.jar:5.1.8.RELEASE]
	at org.springframework.web.filter.OncePerRequestFilter.doFilter(OncePerRequestFilter.java:109) ~[spring-web-5.1.8.RELEASE.jar:5.1.8.RELEASE]
	at org.apache.catalina.core.ApplicationFilterChain.internalDoFilter(ApplicationFilterChain.java:193) ~[tomcat-embed-core-9.0.21.jar:9.0.21]
	at org.apache.catalina.core.ApplicationFilterChain.doFilter(ApplicationFilterChain.java:166) ~[tomcat-embed-core-9.0.21.jar:9.0.21]
	at org.apache.catalina.core.StandardWrapperValve.invoke(StandardWrapperValve.java:202) ~[tomcat-embed-core-9.0.21.jar:9.0.21]
	at org.apache.catalina.core.StandardContextValve.invoke(StandardContextValve.java:96) [tomcat-embed-core-9.0.21.jar:9.0.21]
	at org.apache.catalina.authenticator.AuthenticatorBase.invoke(AuthenticatorBase.java:490) [tomcat-embed-core-9.0.21.jar:9.0.21]
	at org.apache.catalina.core.StandardHostValve.invoke(StandardHostValve.java:139) [tomcat-embed-core-9.0.21.jar:9.0.21]
	at org.apache.catalina.valves.ErrorReportValve.invoke(ErrorReportValve.java:92) [tomcat-embed-core-9.0.21.jar:9.0.21]
	at org.apache.catalina.core.StandardEngineValve.invoke(StandardEngineValve.java:74) [tomcat-embed-core-9.0.21.jar:9.0.21]
	at org.apache.catalina.connector.CoyoteAdapter.service(CoyoteAdapter.java:343) [tomcat-embed-core-9.0.21.jar:9.0.21]
	at org.apache.coyote.http11.Http11Processor.service(Http11Processor.java:408) [tomcat-embed-core-9.0.21.jar:9.0.21]
	at org.apache.coyote.AbstractProcessorLight.process(AbstractProcessorLight.java:66) [tomcat-embed-core-9.0.21.jar:9.0.21]
	at org.apache.coyote.AbstractProtocol$ConnectionHandler.process(AbstractProtocol.java:853) [tomcat-embed-core-9.0.21.jar:9.0.21]
	at org.apache.tomcat.util.net.NioEndpoint$SocketProcessor.doRun(NioEndpoint.java:1587) [tomcat-embed-core-9.0.21.jar:9.0.21]
	at org.apache.tomcat.util.net.SocketProcessorBase.run(SocketProcessorBase.java:49) [tomcat-embed-core-9.0.21.jar:9.0.21]
	at java.util.concurrent.ThreadPoolExecutor.runWorker(ThreadPoolExecutor.java:1149) [na:1.8.0_171]
	at java.util.concurrent.ThreadPoolExecutor$Worker.run(ThreadPoolExecutor.java:624) [na:1.8.0_171]
	at org.apache.tomcat.util.threads.TaskThread$WrappingRunnable.run(TaskThread.java:61) [tomcat-embed-core-9.0.21.jar:9.0.21]
	at java.lang.Thread.run(Thread.java:748) [na:1.8.0_171]

2020-10-13 23:14:24.712  INFO 9100 --- [NettyClientSelector_1] RocketmqRemoting                         : closeChannel: close the connection to remote address[] result: true
2020-10-13 23:14:25.071  INFO 9100 --- [NettyClientSelector_1] RocketmqRemoting                         : closeChannel: close the connection to remote address[] result: true
2020-10-13 23:14:54.712  INFO 9100 --- [NettyClientSelector_1] RocketmqRemoting                         : closeChannel: close the connection to remote address[] result: true
2020-10-13 23:14:55.142  INFO 9100 --- [NettyClientSelector_1] RocketmqRemoting                         : closeChannel: close the connection to remote address[] result: true
2020-10-13 23:15:24.708  INFO 9100 --- [NettyClientSelector_1] RocketmqRemoting                         : closeChannel: close the connection to remote address[] result: true
2020-10-13 23:15:25.085  INFO 9100 --- [NettyClientSelector_1] RocketmqRemoting                         : closeChannel: close the connection to remote address[] result: true
2020-10-13 23:15:33.532  INFO 24500 --- [main] c.s.r.product.RocketProductApplication   : Starting RocketProductApplication on LAPTOP-D3NF4CSD with PID 24500 (D:\codedir\studyway\rocket\rocket_product\target\classes started by dingpf in D:\codedir\studyway\rocket\rocket_product)
2020-10-13 23:15:33.535  INFO 24500 --- [main] c.s.r.product.RocketProductApplication   : No active profile set, falling back to default profiles: default
2020-10-13 23:15:34.251  INFO 24500 --- [main] o.s.b.w.embedded.tomcat.TomcatWebServer  : Tomcat initialized with port(s): 8099 (http)
2020-10-13 23:15:34.266  INFO 24500 --- [main] o.apache.catalina.core.StandardService   : Starting service [Tomcat]
2020-10-13 23:15:34.267  INFO 24500 --- [main] org.apache.catalina.core.StandardEngine  : Starting Servlet engine: [Apache Tomcat/9.0.21]
2020-10-13 23:15:34.347  INFO 24500 --- [main] o.a.c.c.C.[Tomcat].[localhost].[/]       : Initializing Spring embedded WebApplicationContext
2020-10-13 23:15:34.347  INFO 24500 --- [main] o.s.web.context.ContextLoader            : Root WebApplicationContext: initialization completed in 775 ms
2020-10-13 23:15:35.678  INFO 24500 --- [main] o.s.s.concurrent.ThreadPoolTaskExecutor  : Initializing ExecutorService 'applicationTaskExecutor'
2020-10-13 23:15:35.822  INFO 24500 --- [main] o.s.b.w.embedded.tomcat.TomcatWebServer  : Tomcat started on port(s): 8099 (http) with context path ''
2020-10-13 23:15:35.824  INFO 24500 --- [main] c.s.r.product.RocketProductApplication   : Started RocketProductApplication in 2.575 seconds (JVM running for 3.216)
2020-10-13 23:15:38.485  INFO 24500 --- [NettyClientSelector_1] RocketmqRemoting                         : closeChannel: close the connection to remote address[] result: true
2020-10-13 23:15:38.788  INFO 24500 --- [NettyClientSelector_1] RocketmqRemoting                         : closeChannel: close the connection to remote address[] result: true
2020-10-13 23:16:08.564  INFO 24500 --- [NettyClientSelector_1] RocketmqRemoting                         : closeChannel: close the connection to remote address[] result: true
2020-10-13 23:16:08.992  INFO 24500 --- [NettyClientSelector_1] RocketmqRemoting                         : closeChannel: close the connection to remote address[] result: true
2020-10-13 23:16:38.452  INFO 24500 --- [NettyClientSelector_1] RocketmqRemoting                         : closeChannel: close the connection to remote address[] result: true
2020-10-13 23:16:38.862  INFO 24500 --- [NettyClientSelector_1] RocketmqRemoting                         : closeChannel: close the connection to remote address[] result: true
2020-10-13 23:17:08.389  INFO 24500 --- [NettyClientSelector_1] RocketmqRemoting                         : closeChannel: close the connection to remote address[] result: true
2020-10-13 23:17:08.896  INFO 24500 --- [NettyClientSelector_1] RocketmqRemoting                         : closeChannel: close the connection to remote address[] result: true
2020-10-13 23:17:39.208  INFO 24500 --- [NettyClientSelector_1] RocketmqRemoting                         : closeChannel: close the connection to remote address[] result: true
2020-10-13 23:17:39.249  INFO 24500 --- [NettyClientSelector_1] RocketmqRemoting                         : closeChannel: close the connection to remote address[] result: true
2020-10-13 23:18:08.658  INFO 24500 --- [NettyClientSelector_1] RocketmqRemoting                         : closeChannel: close the connection to remote address[] result: true
2020-10-13 23:18:08.747  INFO 24500 --- [NettyClientSelector_1] RocketmqRemoting                         : closeChannel: close the connection to remote address[] result: true
2020-10-13 23:18:38.626  INFO 24500 --- [NettyClientSelector_1] RocketmqRemoting                         : closeChannel: close the connection to remote address[] result: true
2020-10-13 23:18:38.913  INFO 24500 --- [NettyClientSelector_1] RocketmqRemoting                         : closeChannel: close the connection to remote address[] result: true
2020-10-13 23:18:59.519  INFO 16140 --- [main] c.s.r.product.RocketProductApplication   : Starting RocketProductApplication on LAPTOP-D3NF4CSD with PID 16140 (D:\codedir\studyway\rocket\rocket_product\target\classes started by dingpf in D:\codedir\studyway\rocket\rocket_product)
2020-10-13 23:18:59.524  INFO 16140 --- [main] c.s.r.product.RocketProductApplication   : No active profile set, falling back to default profiles: default
2020-10-13 23:19:00.246  INFO 16140 --- [main] o.s.b.w.embedded.tomcat.TomcatWebServer  : Tomcat initialized with port(s): 8099 (http)
2020-10-13 23:19:00.262  INFO 16140 --- [main] o.apache.catalina.core.StandardService   : Starting service [Tomcat]
2020-10-13 23:19:00.262  INFO 16140 --- [main] org.apache.catalina.core.StandardEngine  : Starting Servlet engine: [Apache Tomcat/9.0.21]
2020-10-13 23:19:00.343  INFO 16140 --- [main] o.a.c.c.C.[Tomcat].[localhost].[/]       : Initializing Spring embedded WebApplicationContext
2020-10-13 23:19:00.344  INFO 16140 --- [main] o.s.web.context.ContextLoader            : Root WebApplicationContext: initialization completed in 780 ms
2020-10-13 23:19:01.711  INFO 16140 --- [main] o.s.s.concurrent.ThreadPoolTaskExecutor  : Initializing ExecutorService 'applicationTaskExecutor'
2020-10-13 23:19:01.836  INFO 16140 --- [main] o.s.b.w.embedded.tomcat.TomcatWebServer  : Tomcat started on port(s): 8099 (http) with context path ''
2020-10-13 23:19:01.838  INFO 16140 --- [main] c.s.r.product.RocketProductApplication   : Started RocketProductApplication in 2.627 seconds (JVM running for 3.253)
2020-10-13 23:19:06.143  INFO 16140 --- [http-nio-8099-exec-1] o.a.c.c.C.[Tomcat].[localhost].[/]       : Initializing Spring DispatcherServlet 'dispatcherServlet'
2020-10-13 23:19:06.143  INFO 16140 --- [http-nio-8099-exec-1] o.s.web.servlet.DispatcherServlet        : Initializing Servlet 'dispatcherServlet'
2020-10-13 23:19:06.147  INFO 16140 --- [http-nio-8099-exec-1] o.s.web.servlet.DispatcherServlet        : Completed initialization in 4 ms
